<?xml version="1.0" encoding="utf-8"?><testsuites name="pytest tests"><testsuite name="pytest" errors="0" failures="0" skipped="1" tests="28" time="8.424" timestamp="2026-06-02T00:18:39.604956+00:00" hostname="agent-env-d957dbb8-cb54-44a8-82af-950529d2737f"><testcase classname="backend.tests.test_admin_ops.TestHeader" name="test_header_stats" time="0.684" /><testcase classname="backend.tests.test_admin_ops.TestHeader" name="test_header_requires_auth" time="0.165" /><testcase classname="backend.tests.test_admin_ops.TestSales" name="test_sales_stats" time="0.194" /><testcase classname="backend.tests.test_admin_ops.TestSales" name="test_candidates_in_process_contains_new" time="0.588" /><testcase classname="backend.tests.test_admin_ops.TestSales" name="test_candidates_filter_active_excludes_new" time="0.142" /><testcase classname="backend.tests.test_admin_ops.TestSales" name="test_socio_cannot_approve" time="0.595" /><testcase classname="backend.tests.test_admin_ops.TestSales" name="test_socio_cannot_reject" time="0.209" /><testcase classname="backend.tests.test_admin_ops.TestSales" name="test_socio_cannot_pending_payment" time="0.143" /><testcase classname="backend.tests.test_admin_ops.TestSales" name="test_admin_pending_payment_then_approve" time="0.633" /><testcase classname="backend.tests.test_admin_ops.TestSales" name="test_notes_persist" time="0.295" /><testcase classname="backend.tests.test_admin_ops.TestSales" name="test_chat_send_and_list" time="0.332" /><testcase classname="backend.tests.test_admin_ops.TestSeed" name="test_socio_cannot_seed_cases" time="0.170" /><testcase classname="backend.tests.test_admin_ops.TestSeed" name="test_admin_seed_cases_idempotent" time="0.150" /><testcase classname="backend.tests.test_admin_ops.TestSeed" name="test_admin_seed_invoices_idempotent" time="0.185" /><testcase classname="backend.tests.test_admin_ops.TestOperations" name="test_operations_stats" time="0.157" /><testcase classname="backend.tests.test_admin_ops.TestOperations" name="test_cases_filter_priority_alta" time="0.199" /><testcase classname="backend.tests.test_admin_ops.TestOperations" name="test_cases_filter_sin_asignar" time="0.151" /><testcase classname="backend.tests.test_admin_ops.TestOperations" name="test_auto_assign_no_match_keeps_sin_asignar" time="0.565" /><testcase classname="backend.tests.test_admin_ops.TestOperations" name="test_auto_assign_with_online_specialty_match" time="0.363"><skipped type="pytest.skip" message="no sin_asignar Familia case left to test match">/app/backend/tests/test_admin_ops.py:217: no sin_asignar Familia case left to test match</skipped></testcase><testcase classname="backend.tests.test_admin_ops.TestOperations" name="test_mark_attended_and_notes" time="0.656" /><testcase classname="backend.tests.test_admin_ops.TestTalent" name="test_socio_cannot_list_talent" time="0.159" /><testcase classname="backend.tests.test_admin_ops.TestTalent" name="test_admin_list_talent" time="0.141" /><testcase classname="backend.tests.test_admin_ops.TestTalent" name="test_socio_cannot_update_talent" time="0.179" /><testcase classname="backend.tests.test_admin_ops.TestTalent" name="test_socio_cannot_delete_talent" time="0.146" /><testcase classname="backend.tests.test_admin_ops.TestTalent" name="test_admin_can_update_talent" time="0.149" /><testcase classname="backend.tests.test_admin_ops.TestBilling" name="test_billing_list" time="0.158" /><testcase classname="backend.tests.test_admin_ops.TestBilling" name="test_billing_filter_pendiente" time="0.197" /><testcase classname="backend.tests.test_admin_ops.TestBilling" name="test_reminder_and_send" time="0.503" /></testsuite></testsuites>