<?xml version="1.0" encoding="utf-8"?><testsuites name="pytest tests"><testsuite name="pytest" errors="0" failures="0" skipped="1" tests="77" time="76.004" timestamp="2026-06-02T01:49:48.097741+00:00" hostname="agent-env-d957dbb8-cb54-44a8-82af-950529d2737f"><testcase classname="backend.tests.test_admin_ops.TestHeader" name="test_header_stats" time="0.864" /><testcase classname="backend.tests.test_admin_ops.TestHeader" name="test_header_requires_auth" time="0.171" /><testcase classname="backend.tests.test_admin_ops.TestSales" name="test_sales_stats" time="0.201" /><testcase classname="backend.tests.test_admin_ops.TestSales" name="test_candidates_in_process_contains_new" time="0.837" /><testcase classname="backend.tests.test_admin_ops.TestSales" name="test_candidates_filter_active_excludes_new" time="0.207" /><testcase classname="backend.tests.test_admin_ops.TestSales" name="test_socio_cannot_approve" time="0.802" /><testcase classname="backend.tests.test_admin_ops.TestSales" name="test_socio_cannot_reject" time="0.181" /><testcase classname="backend.tests.test_admin_ops.TestSales" name="test_socio_cannot_pending_payment" time="0.190" /><testcase classname="backend.tests.test_admin_ops.TestSales" name="test_admin_pending_payment_then_approve" time="0.770" /><testcase classname="backend.tests.test_admin_ops.TestSales" name="test_notes_persist" time="0.379" /><testcase classname="backend.tests.test_admin_ops.TestSales" name="test_chat_send_and_list" time="0.363" /><testcase classname="backend.tests.test_admin_ops.TestSeed" name="test_socio_cannot_seed_cases" time="0.176" /><testcase classname="backend.tests.test_admin_ops.TestSeed" name="test_admin_seed_cases_idempotent" time="0.208" /><testcase classname="backend.tests.test_admin_ops.TestSeed" name="test_admin_seed_invoices_idempotent" time="0.186" /><testcase classname="backend.tests.test_admin_ops.TestOperations" name="test_operations_stats" time="0.213" /><testcase classname="backend.tests.test_admin_ops.TestOperations" name="test_cases_filter_priority_alta" time="0.197" /><testcase classname="backend.tests.test_admin_ops.TestOperations" name="test_cases_filter_sin_asignar" time="0.204" /><testcase classname="backend.tests.test_admin_ops.TestOperations" name="test_auto_assign_no_match_keeps_sin_asignar" time="0.575" /><testcase classname="backend.tests.test_admin_ops.TestOperations" name="test_auto_assign_with_online_specialty_match" time="0.408"><skipped type="pytest.skip" message="no sin_asignar Familia case left to test match">/app/backend/tests/test_admin_ops.py:217: no sin_asignar Familia case left to test match</skipped></testcase><testcase classname="backend.tests.test_admin_ops.TestOperations" name="test_mark_attended_and_notes" time="0.779" /><testcase classname="backend.tests.test_admin_ops.TestTalent" name="test_socio_cannot_list_talent" time="0.188" /><testcase classname="backend.tests.test_admin_ops.TestTalent" name="test_admin_list_talent" time="0.177" /><testcase classname="backend.tests.test_admin_ops.TestTalent" name="test_socio_cannot_update_talent" time="0.197" /><testcase classname="backend.tests.test_admin_ops.TestTalent" name="test_socio_cannot_delete_talent" time="0.210" /><testcase classname="backend.tests.test_admin_ops.TestTalent" name="test_admin_can_update_talent" time="0.193" /><testcase classname="backend.tests.test_admin_ops.TestBilling" name="test_billing_list" time="0.180" /><testcase classname="backend.tests.test_admin_ops.TestBilling" name="test_billing_filter_pendiente" time="0.179" /><testcase classname="backend.tests.test_admin_ops.TestBilling" name="test_reminder_and_send" time="0.585" /><testcase classname="backend.tests.test_auth_rbac.TestHealth" name="test_health" time="0.188" /><testcase classname="backend.tests.test_auth_rbac.TestRegistrationVerification" name="test_register_lawyer_pending" time="0.608" /><testcase classname="backend.tests.test_auth_rbac.TestRegistrationVerification" name="test_me_pending_after_register" time="0.211" /><testcase classname="backend.tests.test_auth_rbac.TestAdminLogin" name="test_admin_general_login" time="0.742" /><testcase classname="backend.tests.test_auth_rbac.TestAdminLogin" name="test_socio_login" time="0.799" /><testcase classname="backend.tests.test_auth_rbac.TestAdminLogin" name="test_login_response_includes_is_verified" time="0.608" /><testcase classname="backend.tests.test_auth_rbac.TestAccessAudit" name="test_pending_list_requires_admin" time="0.188" /><testcase classname="backend.tests.test_auth_rbac.TestAccessAudit" name="test_pending_list_lawyer_forbidden" time="0.176" /><testcase classname="backend.tests.test_auth_rbac.TestAccessAudit" name="test_pending_list_admin_ok_and_contains_new_lawyer" time="0.254" /><testcase classname="backend.tests.test_auth_rbac.TestAccessAudit" name="test_socio_cannot_approve" time="0.185" /><testcase classname="backend.tests.test_auth_rbac.TestAccessAudit" name="test_socio_cannot_reject" time="0.151" /><testcase classname="backend.tests.test_auth_rbac.TestAccessAudit" name="test_admin_approves_user" time="0.790" /><testcase classname="backend.tests.test_auth_rbac.TestAccessAudit" name="test_lawyer_no_longer_in_pending" time="0.122" /><testcase classname="backend.tests.test_auth_rbac.TestRBAC" name="test_socio_cannot_access_general_dashboard" time="0.122" /><testcase classname="backend.tests.test_auth_rbac.TestRBAC" name="test_socio_can_access_comercial_dashboard" time="0.153" /><testcase classname="backend.tests.test_auth_rbac.TestRBAC" name="test_admin_general_can_access_general_dashboard" time="0.162" /><testcase classname="backend.tests.test_auth_rbac.TestRBAC" name="test_lawyer_forbidden_admin_routes" time="0.542" /><testcase classname="backend.tests.test_iteration4.TestCountryRequired" name="test_case_intake_missing_country_returns_422" time="0.139" /><testcase classname="backend.tests.test_iteration4.TestCountryRequired" name="test_case_intake_with_country_succeeds" time="0.148" /><testcase classname="backend.tests.test_iteration4.TestCountryRequired" name="test_lawyer_application_missing_country_returns_422" time="0.127" /><testcase classname="backend.tests.test_iteration4.TestDrPrefix" name="test_lawyer_application_stores_dr_prefix" time="0.175" /><testcase classname="backend.tests.test_iteration4.TestDrPrefix" name="test_sales_candidates_returns_dr_prefix" time="0.594" /><testcase classname="backend.tests.test_iteration4.TestDrPrefix" name="test_talent_returns_dr_prefix" time="0.135" /><testcase classname="backend.tests.test_iteration4.TestDrPrefix" name="test_operations_cases_lawyer_name_dr_prefix" time="0.146" /><testcase classname="backend.tests.test_iteration4.TestAccounting" name="test_seed_demo_admin_general" time="0.146" /><testcase classname="backend.tests.test_iteration4.TestAccounting" name="test_seed_demo_socio_forbidden" time="0.550" /><testcase classname="backend.tests.test_iteration4.TestAccounting" name="test_kpis_structure" time="0.147" /><testcase classname="backend.tests.test_iteration4.TestAccounting" name="test_create_movement_admin" time="0.141" /><testcase classname="backend.tests.test_iteration4.TestAccounting" name="test_create_movement_socio_forbidden" time="0.132" /><testcase classname="backend.tests.test_iteration4.TestAccounting" name="test_list_movements_filter_ingreso" time="0.141" /><testcase classname="backend.tests.test_iteration4.TestAccounting" name="test_list_movements_filter_egreso" time="0.137" /><testcase classname="backend.tests.test_iteration4.TestAccounting" name="test_list_movements_filter_all" time="0.134" /><testcase classname="backend.tests.test_iteration4.TestAccounting" name="test_update_movement_admin" time="0.122" /><testcase classname="backend.tests.test_iteration4.TestAccounting" name="test_update_movement_socio_forbidden" time="0.142" /><testcase classname="backend.tests.test_iteration4.TestAccounting" name="test_delete_movement_socio_forbidden" time="0.140" /><testcase classname="backend.tests.test_iteration4.TestAccounting" name="test_delete_movement_admin" time="0.177" /><testcase classname="backend.tests.test_iteration4.TestGeography" name="test_geography_stats_admin" time="0.142" /><testcase classname="backend.tests.test_iteration4.TestGeography" name="test_geography_stats_socio_accessible" time="0.170" /><testcase classname="backend.tests.test_public_intake.TestClientIntake" name="test_case_intake_no_auth_success" time="0.128" /><testcase classname="backend.tests.test_public_intake.TestClientIntake" name="test_case_visible_in_operations" time="15.580" /><testcase classname="backend.tests.test_public_intake.TestClientIntake" name="test_priority_mapping_alta" time="0.001" /><testcase classname="backend.tests.test_public_intake.TestClientIntake" name="test_validation_short_name" time="10.216" /><testcase classname="backend.tests.test_public_intake.TestClientIntake" name="test_validation_short_description" time="5.333" /><testcase classname="backend.tests.test_public_intake.TestClientIntake" name="test_priority_default_media" time="10.242" /><testcase classname="backend.tests.test_public_intake.TestLawyerApplication" name="test_lawyer_application_no_auth_success" time="0.197" /><testcase classname="backend.tests.test_public_intake.TestLawyerApplication" name="test_lawyer_duplicate_email_returns_409" time="0.176" /><testcase classname="backend.tests.test_public_intake.TestLawyerApplication" name="test_lawyer_visible_in_sales" time="0.145" /><testcase classname="backend.tests.test_public_intake.TestLawyerApplication" name="test_validation_invalid_email" time="3.228" /><testcase classname="backend.tests.test_public_intake.TestNotifications" name="test_admin_notifications_created" time="10.509" /></testsuite></testsuites>