<?xml version="1.0" encoding="utf-8"?><testsuites name="pytest tests"><testsuite name="pytest" errors="0" failures="0" skipped="0" tests="32" time="7.543" timestamp="2026-06-02T01:49:34.342912+00:00" hostname="agent-env-d957dbb8-cb54-44a8-82af-950529d2737f"><testcase classname="backend.tests.test_iteration4.TestCountryRequired" name="test_case_intake_missing_country_returns_422" time="0.231" /><testcase classname="backend.tests.test_iteration4.TestCountryRequired" name="test_case_intake_with_country_succeeds" time="0.155" /><testcase classname="backend.tests.test_iteration4.TestCountryRequired" name="test_lawyer_application_missing_country_returns_422" time="0.176" /><testcase classname="backend.tests.test_iteration4.TestDrPrefix" name="test_lawyer_application_stores_dr_prefix" time="0.159" /><testcase classname="backend.tests.test_iteration4.TestDrPrefix" name="test_sales_candidates_returns_dr_prefix" time="0.649" /><testcase classname="backend.tests.test_iteration4.TestDrPrefix" name="test_talent_returns_dr_prefix" time="0.148" /><testcase classname="backend.tests.test_iteration4.TestDrPrefix" name="test_operations_cases_lawyer_name_dr_prefix" time="0.160" /><testcase classname="backend.tests.test_iteration4.TestAccounting" name="test_seed_demo_admin_general" time="0.160" /><testcase classname="backend.tests.test_iteration4.TestAccounting" name="test_seed_demo_socio_forbidden" time="0.562" /><testcase classname="backend.tests.test_iteration4.TestAccounting" name="test_kpis_structure" time="0.129" /><testcase classname="backend.tests.test_iteration4.TestAccounting" name="test_create_movement_admin" time="0.133" /><testcase classname="backend.tests.test_iteration4.TestAccounting" name="test_create_movement_socio_forbidden" time="0.134" /><testcase classname="backend.tests.test_iteration4.TestAccounting" name="test_list_movements_filter_ingreso" time="0.144" /><testcase classname="backend.tests.test_iteration4.TestAccounting" name="test_list_movements_filter_egreso" time="0.137" /><testcase classname="backend.tests.test_iteration4.TestAccounting" name="test_list_movements_filter_all" time="0.158" /><testcase classname="backend.tests.test_iteration4.TestAccounting" name="test_update_movement_admin" time="0.192" /><testcase classname="backend.tests.test_iteration4.TestAccounting" name="test_update_movement_socio_forbidden" time="0.196" /><testcase classname="backend.tests.test_iteration4.TestAccounting" name="test_delete_movement_socio_forbidden" time="0.171" /><testcase classname="backend.tests.test_iteration4.TestAccounting" name="test_delete_movement_admin" time="0.172" /><testcase classname="backend.tests.test_iteration4.TestGeography" name="test_geography_stats_admin" time="0.189" /><testcase classname="backend.tests.test_iteration4.TestGeography" name="test_geography_stats_socio_accessible" time="0.193" /><testcase classname="backend.tests.test_public_intake.TestClientIntake" name="test_case_intake_no_auth_success" time="0.170" /><testcase classname="backend.tests.test_public_intake.TestClientIntake" name="test_case_visible_in_operations" time="0.856" /><testcase classname="backend.tests.test_public_intake.TestClientIntake" name="test_priority_mapping_alta" time="0.001" /><testcase classname="backend.tests.test_public_intake.TestClientIntake" name="test_validation_short_name" time="0.185" /><testcase classname="backend.tests.test_public_intake.TestClientIntake" name="test_validation_short_description" time="0.175" /><testcase classname="backend.tests.test_public_intake.TestClientIntake" name="test_priority_default_media" time="0.174" /><testcase classname="backend.tests.test_public_intake.TestLawyerApplication" name="test_lawyer_application_no_auth_success" time="0.171" /><testcase classname="backend.tests.test_public_intake.TestLawyerApplication" name="test_lawyer_duplicate_email_returns_409" time="0.193" /><testcase classname="backend.tests.test_public_intake.TestLawyerApplication" name="test_lawyer_visible_in_sales" time="0.197" /><testcase classname="backend.tests.test_public_intake.TestLawyerApplication" name="test_validation_invalid_email" time="0.176" /><testcase classname="backend.tests.test_public_intake.TestNotifications" name="test_admin_notifications_created" time="0.527" /></testsuite></testsuites>