<?xml version="1.0" encoding="utf-8"?><testsuites name="pytest tests"><testsuite name="pytest" errors="0" failures="0" skipped="0" tests="11" time="2.304" timestamp="2026-06-02T00:48:02.766886+00:00" hostname="agent-env-d957dbb8-cb54-44a8-82af-950529d2737f"><testcase classname="backend.tests.test_public_intake.TestClientIntake" name="test_case_intake_no_auth_success" time="0.169" /><testcase classname="backend.tests.test_public_intake.TestClientIntake" name="test_case_visible_in_operations" time="0.576" /><testcase classname="backend.tests.test_public_intake.TestClientIntake" name="test_priority_mapping_alta" time="0.001" /><testcase classname="backend.tests.test_public_intake.TestClientIntake" name="test_validation_short_name" time="0.130" /><testcase classname="backend.tests.test_public_intake.TestClientIntake" name="test_validation_short_description" time="0.120" /><testcase classname="backend.tests.test_public_intake.TestClientIntake" name="test_priority_default_media" time="0.134" /><testcase classname="backend.tests.test_public_intake.TestLawyerApplication" name="test_lawyer_application_no_auth_success" time="0.140" /><testcase classname="backend.tests.test_public_intake.TestLawyerApplication" name="test_lawyer_duplicate_email_returns_409" time="0.127" /><testcase classname="backend.tests.test_public_intake.TestLawyerApplication" name="test_lawyer_visible_in_sales" time="0.140" /><testcase classname="backend.tests.test_public_intake.TestLawyerApplication" name="test_validation_invalid_email" time="0.150" /><testcase classname="backend.tests.test_public_intake.TestNotifications" name="test_admin_notifications_created" time="0.426" /></testsuite></testsuites>