<?xml version="1.0" encoding="utf-8"?><testsuites name="pytest tests"><testsuite name="pytest" errors="0" failures="0" skipped="0" tests="17" time="6.762" timestamp="2026-06-01T23:30:00.174467+00:00" hostname="agent-env-d957dbb8-cb54-44a8-82af-950529d2737f"><testcase classname="backend.tests.test_auth_rbac.TestHealth" name="test_health" time="0.291" /><testcase classname="backend.tests.test_auth_rbac.TestRegistrationVerification" name="test_register_lawyer_pending" time="0.593" /><testcase classname="backend.tests.test_auth_rbac.TestRegistrationVerification" name="test_me_pending_after_register" time="0.228" /><testcase classname="backend.tests.test_auth_rbac.TestAdminLogin" name="test_admin_general_login" time="0.627" /><testcase classname="backend.tests.test_auth_rbac.TestAdminLogin" name="test_socio_login" time="0.703" /><testcase classname="backend.tests.test_auth_rbac.TestAdminLogin" name="test_login_response_includes_is_verified" time="0.495" /><testcase classname="backend.tests.test_auth_rbac.TestAccessAudit" name="test_pending_list_requires_admin" time="0.180" /><testcase classname="backend.tests.test_auth_rbac.TestAccessAudit" name="test_pending_list_lawyer_forbidden" time="0.163" /><testcase classname="backend.tests.test_auth_rbac.TestAccessAudit" name="test_pending_list_admin_ok_and_contains_new_lawyer" time="0.184" /><testcase classname="backend.tests.test_auth_rbac.TestAccessAudit" name="test_socio_cannot_approve" time="0.152" /><testcase classname="backend.tests.test_auth_rbac.TestAccessAudit" name="test_socio_cannot_reject" time="0.158" /><testcase classname="backend.tests.test_auth_rbac.TestAccessAudit" name="test_admin_approves_user" time="0.802" /><testcase classname="backend.tests.test_auth_rbac.TestAccessAudit" name="test_lawyer_no_longer_in_pending" time="0.152" /><testcase classname="backend.tests.test_auth_rbac.TestRBAC" name="test_socio_cannot_access_general_dashboard" time="0.151" /><testcase classname="backend.tests.test_auth_rbac.TestRBAC" name="test_socio_can_access_comercial_dashboard" time="0.153" /><testcase classname="backend.tests.test_auth_rbac.TestRBAC" name="test_admin_general_can_access_general_dashboard" time="0.183" /><testcase classname="backend.tests.test_auth_rbac.TestRBAC" name="test_lawyer_forbidden_admin_routes" time="0.604" /></testsuite></testsuites>